# JRE version: OpenJDK Runtime Environment Microsoft-11933218 (21.0.8+9) (build 21.0.8+9-LTS)
# Java VM: OpenJDK 64-Bit Server VM Microsoft-11933218 (21.0.8+9-LTS, mixed mode, emulated-client, sharing, tiered, compressed oops, compressed class ptrs, g1 gc, windows-amd64)
GC Precious Log:
 CardTable entry size: 512
 Card Set container configuration: InlinePtr #cards 4 size 8 Array Of Cards #cards 16 size 48 Howl #buckets 8 coarsen threshold 3686 Howl Bitmap #cards 512 size 80 coarsen threshold 460 Card regions per heap region 1 cards per card region 4096
 CPUs: 12 total, 12 available
 Memory: 11973M
 Large Page Support: Disabled
 NUMA Support: Disabled
 Compressed Oops: Enabled (Zero based)
 Heap Region Size: 2M
 Heap Min Capacity: 8M
 Heap Initial Capacity: 188M
 Heap Max Capacity: 2994M
 Pre-touch: Disabled
 Parallel Workers: 10
 Concurrent Workers: 3
 Concurrent Refinement Workers: 10
 Periodic GC: Disabled
Heap:
 garbage-first heap   total 73728K, used 30669K [0x0000000744e00000, 0x0000000800000000)
  region size 2048K, 3 young (6144K), 3 survivors (6144K)
 Metaspace       used 64893K, committed 65408K, reserved 1114112K
  class space    used 9136K, committed 9344K, reserved 1048576K
GC Heap History (20 events):
Event: 15190.780 GC heap after
{Heap after GC invocations=34 (full 1):
 garbage-first heap   total 73728K, used 25528K [0x0000000744e00000, 0x0000000800000000)
  region size 2048K, 3 young (6144K), 3 survivors (6144K)
 Metaspace       used 62987K, committed 63488K, reserved 1114112K
  class space    used 8910K, committed 9152K, reserved 1048576K
}
Event: 15194.390 GC heap before
{Heap before GC invocations=34 (full 1):
 garbage-first heap   total 73728K, used 43960K [0x0000000744e00000, 0x0000000800000000)
  region size 2048K, 13 young (26624K), 3 survivors (6144K)
 Metaspace       used 63522K, committed 64000K, reserved 1114112K
  class space    used 8999K, committed 9216K, reserved 1048576K
}
Event: 15194.474 GC heap after
{Heap after GC invocations=35 (full 2):
 garbage-first heap   total 73728K, used 22233K [0x0000000744e00000, 0x0000000800000000)
  region size 2048K, 0 young (0K), 0 survivors (0K)
 Metaspace       used 63460K, committed 64000K, reserved 1114112K
  class space    used 8984K, committed 9216K, reserved 1048576K
}
Event: 15195.083 GC heap before
{Heap before GC invocations=35 (full 2):
 garbage-first heap   total 73728K, used 65241K [0x0000000744e00000, 0x0000000800000000)
  region size 2048K, 21 young (43008K), 0 survivors (0K)
 Metaspace       used 63572K, committed 64064K, reserved 1114112K
  class space    used 8998K, committed 9216K, reserved 1048576K
}
Event: 15195.087 GC heap after
{Heap after GC invocations=36 (full 2):
 garbage-first heap   total 73728K, used 25929K [0x0000000744e00000, 0x0000000800000000)
  region size 2048K, 2 young (4096K), 2 survivors (4096K)
 Metaspace       used 63572K, committed 64064K, reserved 1114112K
  class space    used 8998K, committed 9216K, reserved 1048576K
}
Event: 15208.019 GC heap before
{Heap before GC invocations=36 (full 2):
 garbage-first heap   total 73728K, used 50505K [0x0000000744e00000, 0x0000000800000000)
  region size 2048K, 15 young (30720K), 2 survivors (4096K)
 Metaspace       used 63677K, committed 64192K, reserved 1114112K
  class space    used 9010K, committed 9216K, reserved 1048576K
}
Event: 15208.081 GC heap after
{Heap after GC invocations=37 (full 3):
 garbage-first heap   total 73728K, used 22474K [0x0000000744e00000, 0x0000000800000000)
  region size 2048K, 0 young (0K), 0 survivors (0K)
 Metaspace       used 63675K, committed 64192K, reserved 1114112K
  class space    used 9010K, committed 9216K, reserved 1048576K
}
Event: 15222.191 GC heap before
{Heap before GC invocations=37 (full 3):
 garbage-first heap   total 73728K, used 63434K [0x0000000744e00000, 0x0000000800000000)
  region size 2048K, 20 young (40960K), 0 survivors (0K)
 Metaspace       used 63904K, committed 64384K, reserved 1114112K
  class space    used 9046K, committed 9280K, reserved 1048576K
}
Event: 15222.193 GC heap after
{Heap after GC invocations=38 (full 3):
 garbage-first heap   total 73728K, used 24522K [0x0000000744e00000, 0x0000000800000000)
  region size 2048K, 1 young (2048K), 1 survivors (2048K)
 Metaspace       used 63904K, committed 64384K, reserved 1114112K
  class space    used 9046K, committed 9280K, reserved 1048576K
}
Event: 15222.581 GC heap before
{Heap before GC invocations=38 (full 3):
 garbage-first heap   total 73728K, used 63434K [0x0000000744e00000, 0x0000000800000000)
  region size 2048K, 20 young (40960K), 1 survivors (2048K)
 Metaspace       used 63943K, committed 64448K, reserved 1114112K
  class space    used 9048K, committed 9280K, reserved 1048576K
}
Event: 15222.586 GC heap after
{Heap after GC invocations=39 (full 3):
 garbage-first heap   total 73728K, used 27089K [0x0000000744e00000, 0x0000000800000000)
  region size 2048K, 3 young (6144K), 3 survivors (6144K)
 Metaspace       used 63943K, committed 64448K, reserved 1114112K
  class space    used 9048K, committed 9280K, reserved 1048576K
}
Event: 15227.456 GC heap before
{Heap before GC invocations=39 (full 3):
 garbage-first heap   total 73728K, used 35281K [0x0000000744e00000, 0x0000000800000000)
  region size 2048K, 8 young (16384K), 3 survivors (6144K)
 Metaspace       used 63946K, committed 64448K, reserved 1114112K
  class space    used 9049K, committed 9280K, reserved 1048576K
}
Event: 15227.538 GC heap after
{Heap after GC invocations=40 (full 4):
 garbage-first heap   total 73728K, used 22636K [0x0000000744e00000, 0x0000000800000000)
  region size 2048K, 0 young (0K), 0 survivors (0K)
 Metaspace       used 63940K, committed 64448K, reserved 1114112K
  class space    used 9048K, committed 9280K, reserved 1048576K
}
Event: 15228.080 GC heap before
{Heap before GC invocations=40 (full 4):
 garbage-first heap   total 73728K, used 63596K [0x0000000744e00000, 0x0000000800000000)
  region size 2048K, 20 young (40960K), 0 survivors (0K)
 Metaspace       used 64269K, committed 64768K, reserved 1114112K
  class space    used 9094K, committed 9344K, reserved 1048576K
}
Event: 15228.084 GC heap after
{Heap after GC invocations=41 (full 4):
 garbage-first heap   total 73728K, used 26275K [0x0000000744e00000, 0x0000000800000000)
  region size 2048K, 2 young (4096K), 2 survivors (4096K)
 Metaspace       used 64269K, committed 64768K, reserved 1114112K
  class space    used 9094K, committed 9344K, reserved 1048576K
}
Event: 15228.466 GC heap before
{Heap before GC invocations=41 (full 4):
 garbage-first heap   total 73728K, used 61091K [0x0000000744e00000, 0x0000000800000000)
  region size 2048K, 19 young (38912K), 2 survivors (4096K)
 Metaspace       used 64512K, committed 65024K, reserved 1114112K
  class space    used 9111K, committed 9344K, reserved 1048576K
}
Event: 15228.473 GC heap after
{Heap after GC invocations=42 (full 4):
 garbage-first heap   total 73728K, used 28125K [0x0000000744e00000, 0x0000000800000000)
  region size 2048K, 2 young (4096K), 2 survivors (4096K)
 Metaspace       used 64512K, committed 65024K, reserved 1114112K
  class space    used 9111K, committed 9344K, reserved 1048576K
}
Event: 15228.664 GC heap before
{Heap before GC invocations=42 (full 4):
 garbage-first heap   total 73728K, used 58845K [0x0000000744e00000, 0x0000000800000000)
  region size 2048K, 17 young (34816K), 2 survivors (4096K)
 Metaspace       used 64668K, committed 65152K, reserved 1114112K
  class space    used 9121K, committed 9344K, reserved 1048576K
}
Event: 15228.668 GC heap after
{Heap after GC invocations=43 (full 4):
 garbage-first heap   total 73728K, used 28986K [0x0000000744e00000, 0x0000000800000000)
  region size 2048K, 2 young (4096K), 2 survivors (4096K)
 Metaspace       used 64668K, committed 65152K, reserved 1114112K
  class space    used 9121K, committed 9344K, reserved 1048576K
}
Event: 15228.916 GC heap before
{Heap before GC invocations=43 (full 4):
 garbage-first heap   total 73728K, used 59706K [0x0000000744e00000, 0x0000000800000000)
  region size 2048K, 17 young (34816K), 2 survivors (4096K)
 Metaspace       used 64893K, committed 65408K, reserved 1114112K
  class space    used 9136K, committed 9344K, reserved 1048576K
}

