# JRE version: OpenJDK Runtime Environment Microsoft-11933218 (21.0.8+9) (build 21.0.8+9-LTS)
# Java VM: OpenJDK 64-Bit Server VM Microsoft-11933218 (21.0.8+9-LTS, mixed mode, sharing, tiered, compressed oops, compressed class ptrs, g1 gc, windows-amd64)
GC Precious Log:
 CardTable entry size: 512
 Card Set container configuration: InlinePtr #cards 4 size 8 Array Of Cards #cards 16 size 48 Howl #buckets 8 coarsen threshold 3686 Howl Bitmap #cards 512 size 80 coarsen threshold 460 Card regions per heap region 1 cards per card region 4096
 CPUs: 12 total, 12 available
 Memory: 11973M
 Large Page Support: Disabled
 NUMA Support: Disabled
 Compressed Oops: Enabled (Zero based)
 Heap Region Size: 2M
 Heap Min Capacity: 8M
 Heap Initial Capacity: 188M
 Heap Max Capacity: 2994M
 Pre-touch: Disabled
 Parallel Workers: 10
 Concurrent Workers: 3
 Concurrent Refinement Workers: 10
 Periodic GC: Disabled
Heap:
 garbage-first heap   total 118784K, used 67332K [0x0000000744e00000, 0x0000000800000000)
  region size 2048K, 15 young (30720K), 4 survivors (8192K)
 Metaspace       used 37437K, committed 38016K, reserved 1114112K
  class space    used 4199K, committed 4416K, reserved 1048576K
GC Heap History (20 events):
Event: 3.541 GC heap before
{Heap before GC invocations=5 (full 0):
 garbage-first heap   total 61440K, used 59491K [0x0000000744e00000, 0x0000000800000000)
  region size 2048K, 23 young (47104K), 2 survivors (4096K)
 Metaspace       used 26600K, committed 27008K, reserved 1114112K
  class space    used 3045K, committed 3200K, reserved 1048576K
}
Event: 3.554 GC heap after
{Heap after GC invocations=6 (full 0):
 garbage-first heap   total 79872K, used 31809K [0x0000000744e00000, 0x0000000800000000)
  region size 2048K, 7 young (14336K), 7 survivors (14336K)
 Metaspace       used 26600K, committed 27008K, reserved 1114112K
  class space    used 3045K, committed 3200K, reserved 1048576K
}
Event: 3.767 GC heap before
{Heap before GC invocations=6 (full 0):
 garbage-first heap   total 79872K, used 58433K [0x0000000744e00000, 0x0000000800000000)
  region size 2048K, 20 young (40960K), 7 survivors (14336K)
 Metaspace       used 27085K, committed 27456K, reserved 1114112K
  class space    used 3085K, committed 3264K, reserved 1048576K
}
Event: 3.779 GC heap after
{Heap after GC invocations=7 (full 0):
 garbage-first heap   total 79872K, used 35840K [0x0000000744e00000, 0x0000000800000000)
  region size 2048K, 2 young (4096K), 2 survivors (4096K)
 Metaspace       used 27085K, committed 27456K, reserved 1114112K
  class space    used 3085K, committed 3264K, reserved 1048576K
}
Event: 4.198 GC heap before
{Heap before GC invocations=7 (full 0):
 garbage-first heap   total 79872K, used 62464K [0x0000000744e00000, 0x0000000800000000)
  region size 2048K, 16 young (32768K), 2 survivors (4096K)
 Metaspace       used 28931K, committed 29248K, reserved 1114112K
  class space    used 3287K, committed 3456K, reserved 1048576K
}
Event: 4.203 GC heap after
{Heap after GC invocations=8 (full 0):
 garbage-first heap   total 79872K, used 37869K [0x0000000744e00000, 0x0000000800000000)
  region size 2048K, 1 young (2048K), 1 survivors (2048K)
 Metaspace       used 28931K, committed 29248K, reserved 1114112K
  class space    used 3287K, committed 3456K, reserved 1048576K
}
Event: 4.488 GC heap before
{Heap before GC invocations=8 (full 0):
 garbage-first heap   total 79872K, used 64493K [0x0000000744e00000, 0x0000000800000000)
  region size 2048K, 15 young (30720K), 1 survivors (2048K)
 Metaspace       used 29893K, committed 30336K, reserved 1114112K
  class space    used 3403K, committed 3584K, reserved 1048576K
}
Event: 4.492 GC heap after
{Heap after GC invocations=9 (full 0):
 garbage-first heap   total 79872K, used 38606K [0x0000000744e00000, 0x0000000800000000)
  region size 2048K, 2 young (4096K), 2 survivors (4096K)
 Metaspace       used 29893K, committed 30336K, reserved 1114112K
  class space    used 3403K, committed 3584K, reserved 1048576K
}
Event: 4.681 GC heap before
{Heap before GC invocations=10 (full 0):
 garbage-first heap   total 79872K, used 67278K [0x0000000744e00000, 0x0000000800000000)
  region size 2048K, 16 young (32768K), 2 survivors (4096K)
 Metaspace       used 30146K, committed 30656K, reserved 1114112K
  class space    used 3412K, committed 3648K, reserved 1048576K
}
Event: 4.688 GC heap after
{Heap after GC invocations=11 (full 0):
 garbage-first heap   total 96256K, used 39971K [0x0000000744e00000, 0x0000000800000000)
  region size 2048K, 2 young (4096K), 2 survivors (4096K)
 Metaspace       used 30146K, committed 30656K, reserved 1114112K
  class space    used 3412K, committed 3648K, reserved 1048576K
}
Event: 4.959 GC heap before
{Heap before GC invocations=11 (full 0):
 garbage-first heap   total 96256K, used 78883K [0x0000000744e00000, 0x0000000800000000)
  region size 2048K, 21 young (43008K), 2 survivors (4096K)
 Metaspace       used 30324K, committed 30784K, reserved 1114112K
  class space    used 3416K, committed 3648K, reserved 1048576K
}
Event: 4.968 GC heap after
{Heap after GC invocations=12 (full 0):
 garbage-first heap   total 96256K, used 39968K [0x0000000744e00000, 0x0000000800000000)
  region size 2048K, 2 young (4096K), 2 survivors (4096K)
 Metaspace       used 30324K, committed 30784K, reserved 1114112K
  class space    used 3416K, committed 3648K, reserved 1048576K
}
Event: 5.532 GC heap before
{Heap before GC invocations=12 (full 0):
 garbage-first heap   total 96256K, used 82976K [0x0000000744e00000, 0x0000000800000000)
  region size 2048K, 23 young (47104K), 2 survivors (4096K)
 Metaspace       used 32065K, committed 32576K, reserved 1114112K
  class space    used 3616K, committed 3840K, reserved 1048576K
}
Event: 5.538 GC heap after
{Heap after GC invocations=13 (full 0):
 garbage-first heap   total 96256K, used 41469K [0x0000000744e00000, 0x0000000800000000)
  region size 2048K, 3 young (6144K), 3 survivors (6144K)
 Metaspace       used 32065K, committed 32576K, reserved 1114112K
  class space    used 3616K, committed 3840K, reserved 1048576K
}
Event: 6.111 GC heap before
{Heap before GC invocations=13 (full 0):
 garbage-first heap   total 96256K, used 82429K [0x0000000744e00000, 0x0000000800000000)
  region size 2048K, 23 young (47104K), 3 survivors (6144K)
 Metaspace       used 33552K, committed 34112K, reserved 1114112K
  class space    used 3727K, committed 3968K, reserved 1048576K
}
Event: 6.124 GC heap after
{Heap after GC invocations=14 (full 0):
 garbage-first heap   total 96256K, used 43854K [0x0000000744e00000, 0x0000000800000000)
  region size 2048K, 3 young (6144K), 3 survivors (6144K)
 Metaspace       used 33552K, committed 34112K, reserved 1114112K
  class space    used 3727K, committed 3968K, reserved 1048576K
}
Event: 6.548 GC heap before
{Heap before GC invocations=14 (full 0):
 garbage-first heap   total 96256K, used 82766K [0x0000000744e00000, 0x0000000800000000)
  region size 2048K, 22 young (45056K), 3 survivors (6144K)
 Metaspace       used 34481K, committed 35008K, reserved 1114112K
  class space    used 3869K, committed 4096K, reserved 1048576K
}
Event: 6.557 GC heap after
{Heap after GC invocations=15 (full 0):
 garbage-first heap   total 118784K, used 45085K [0x0000000744e00000, 0x0000000800000000)
  region size 2048K, 2 young (4096K), 2 survivors (4096K)
 Metaspace       used 34481K, committed 35008K, reserved 1114112K
  class space    used 3869K, committed 4096K, reserved 1048576K
}
Event: 7.256 GC heap before
{Heap before GC invocations=15 (full 0):
 garbage-first heap   total 118784K, used 102429K [0x0000000744e00000, 0x0000000800000000)
  region size 2048K, 31 young (63488K), 2 survivors (4096K)
 Metaspace       used 36914K, committed 37440K, reserved 1114112K
  class space    used 4139K, committed 4352K, reserved 1048576K
}
Event: 7.263 GC heap after
{Heap after GC invocations=16 (full 0):
 garbage-first heap   total 118784K, used 48900K [0x0000000744e00000, 0x0000000800000000)
  region size 2048K, 4 young (8192K), 4 survivors (8192K)
 Metaspace       used 36914K, committed 37440K, reserved 1114112K
  class space    used 4139K, committed 4352K, reserved 1048576K
}

