# JRE version: OpenJDK Runtime Environment Microsoft-11933218 (21.0.8+9) (build 21.0.8+9-LTS)
# Java VM: OpenJDK 64-Bit Server VM Microsoft-11933218 (21.0.8+9-LTS, mixed mode, emulated-client, sharing, tiered, compressed oops, compressed class ptrs, g1 gc, windows-amd64)
GC Precious Log:
 CardTable entry size: 512
 Card Set container configuration: InlinePtr #cards 4 size 8 Array Of Cards #cards 16 size 48 Howl #buckets 8 coarsen threshold 3686 Howl Bitmap #cards 512 size 80 coarsen threshold 460 Card regions per heap region 1 cards per card region 4096
 CPUs: 12 total, 12 available
 Memory: 11973M
 Large Page Support: Disabled
 NUMA Support: Disabled
 Compressed Oops: Enabled (Zero based)
 Heap Region Size: 2M
 Heap Min Capacity: 8M
 Heap Initial Capacity: 188M
 Heap Max Capacity: 2994M
 Pre-touch: Disabled
 Parallel Workers: 10
 Concurrent Workers: 3
 Concurrent Refinement Workers: 10
 Periodic GC: Disabled
Heap:
 garbage-first heap   total 81920K, used 33732K [0x0000000744e00000, 0x0000000800000000)
  region size 2048K, 5 young (10240K), 3 survivors (6144K)
 Metaspace       used 60755K, committed 61248K, reserved 1114112K
  class space    used 8612K, committed 8832K, reserved 1048576K
GC Heap History (20 events):
Event: 5.151 GC heap after
{Heap after GC invocations=11 (full 0):
 garbage-first heap   total 69632K, used 25596K [0x0000000744e00000, 0x0000000800000000)
  region size 2048K, 3 young (6144K), 3 survivors (6144K)
 Metaspace       used 53611K, committed 54080K, reserved 1114112K
  class space    used 7615K, committed 7808K, reserved 1048576K
}
Event: 5.429 GC heap before
{Heap before GC invocations=12 (full 0):
 garbage-first heap   total 69632K, used 52220K [0x0000000744e00000, 0x0000000800000000)
  region size 2048K, 17 young (34816K), 3 survivors (6144K)
 Metaspace       used 55266K, committed 55744K, reserved 1114112K
  class space    used 7843K, committed 8064K, reserved 1048576K
}
Event: 5.434 GC heap after
{Heap after GC invocations=13 (full 0):
 garbage-first heap   total 69632K, used 26529K [0x0000000744e00000, 0x0000000800000000)
  region size 2048K, 2 young (4096K), 2 survivors (4096K)
 Metaspace       used 55266K, committed 55744K, reserved 1114112K
  class space    used 7843K, committed 8064K, reserved 1048576K
}
Event: 5.582 GC heap before
{Heap before GC invocations=13 (full 0):
 garbage-first heap   total 69632K, used 57249K [0x0000000744e00000, 0x0000000800000000)
  region size 2048K, 17 young (34816K), 2 survivors (4096K)
 Metaspace       used 55514K, committed 56000K, reserved 1114112K
  class space    used 7861K, committed 8128K, reserved 1048576K
}
Event: 5.587 GC heap after
{Heap after GC invocations=14 (full 0):
 garbage-first heap   total 69632K, used 27459K [0x0000000744e00000, 0x0000000800000000)
  region size 2048K, 2 young (4096K), 2 survivors (4096K)
 Metaspace       used 55514K, committed 56000K, reserved 1114112K
  class space    used 7861K, committed 8128K, reserved 1048576K
}
Event: 6.004 GC heap before
{Heap before GC invocations=14 (full 0):
 garbage-first heap   total 69632K, used 56131K [0x0000000744e00000, 0x0000000800000000)
  region size 2048K, 16 young (32768K), 2 survivors (4096K)
 Metaspace       used 58406K, committed 58944K, reserved 1114112K
  class space    used 8311K, committed 8576K, reserved 1048576K
}
Event: 6.009 GC heap after
{Heap after GC invocations=15 (full 0):
 garbage-first heap   total 83968K, used 29810K [0x0000000744e00000, 0x0000000800000000)
  region size 2048K, 2 young (4096K), 2 survivors (4096K)
 Metaspace       used 58406K, committed 58944K, reserved 1114112K
  class space    used 8311K, committed 8576K, reserved 1048576K
}
Event: 279.549 GC heap before
{Heap before GC invocations=15 (full 0):
 garbage-first heap   total 83968K, used 72818K [0x0000000744e00000, 0x0000000800000000)
  region size 2048K, 23 young (47104K), 2 survivors (4096K)
 Metaspace       used 59545K, committed 60032K, reserved 1114112K
  class space    used 8473K, committed 8704K, reserved 1048576K
}
Event: 279.567 GC heap after
{Heap after GC invocations=16 (full 0):
 garbage-first heap   total 83968K, used 31147K [0x0000000744e00000, 0x0000000800000000)
  region size 2048K, 2 young (4096K), 2 survivors (4096K)
 Metaspace       used 59545K, committed 60032K, reserved 1114112K
  class space    used 8473K, committed 8704K, reserved 1048576K
}
Event: 420.695 GC heap before
{Heap before GC invocations=16 (full 0):
 garbage-first heap   total 83968K, used 47531K [0x0000000744e00000, 0x0000000800000000)
  region size 2048K, 11 young (22528K), 2 survivors (4096K)
 Metaspace       used 59650K, committed 60096K, reserved 1114112K
  class space    used 8494K, committed 8704K, reserved 1048576K
}
Event: 420.772 GC heap after
{Heap after GC invocations=17 (full 1):
 garbage-first heap   total 81920K, used 19751K [0x0000000744e00000, 0x0000000800000000)
  region size 2048K, 0 young (0K), 0 survivors (0K)
 Metaspace       used 59491K, committed 60096K, reserved 1114112K
  class space    used 8450K, committed 8704K, reserved 1048576K
}
Event: 423.144 GC heap before
{Heap before GC invocations=17 (full 1):
 garbage-first heap   total 81920K, used 66855K [0x0000000744e00000, 0x0000000800000000)
  region size 2048K, 23 young (47104K), 0 survivors (0K)
 Metaspace       used 59985K, committed 60352K, reserved 1114112K
  class space    used 8536K, committed 8704K, reserved 1048576K
}
Event: 423.151 GC heap after
{Heap after GC invocations=18 (full 1):
 garbage-first heap   total 81920K, used 24405K [0x0000000744e00000, 0x0000000800000000)
  region size 2048K, 3 young (6144K), 3 survivors (6144K)
 Metaspace       used 59985K, committed 60352K, reserved 1114112K
  class space    used 8536K, committed 8704K, reserved 1048576K
}
Event: 423.902 GC heap before
{Heap before GC invocations=18 (full 1):
 garbage-first heap   total 81920K, used 65365K [0x0000000744e00000, 0x0000000800000000)
  region size 2048K, 23 young (47104K), 3 survivors (6144K)
 Metaspace       used 60275K, committed 60736K, reserved 1114112K
  class space    used 8565K, committed 8768K, reserved 1048576K
}
Event: 423.933 GC heap after
{Heap after GC invocations=19 (full 1):
 garbage-first heap   total 81920K, used 27044K [0x0000000744e00000, 0x0000000800000000)
  region size 2048K, 2 young (4096K), 2 survivors (4096K)
 Metaspace       used 60275K, committed 60736K, reserved 1114112K
  class space    used 8565K, committed 8768K, reserved 1048576K
}
Event: 424.356 GC heap before
{Heap before GC invocations=19 (full 1):
 garbage-first heap   total 81920K, used 65956K [0x0000000744e00000, 0x0000000800000000)
  region size 2048K, 21 young (43008K), 2 survivors (4096K)
 Metaspace       used 60545K, committed 60992K, reserved 1114112K
  class space    used 8583K, committed 8768K, reserved 1048576K
}
Event: 424.373 GC heap after
{Heap after GC invocations=20 (full 1):
 garbage-first heap   total 81920K, used 28161K [0x0000000744e00000, 0x0000000800000000)
  region size 2048K, 2 young (4096K), 2 survivors (4096K)
 Metaspace       used 60545K, committed 60992K, reserved 1114112K
  class space    used 8583K, committed 8768K, reserved 1048576K
}
Event: 427.016 GC heap before
{Heap before GC invocations=21 (full 1):
 garbage-first heap   total 81920K, used 67073K [0x0000000744e00000, 0x0000000800000000)
  region size 2048K, 21 young (43008K), 2 survivors (4096K)
 Metaspace       used 60750K, committed 61248K, reserved 1114112K
  class space    used 8610K, committed 8832K, reserved 1048576K
}
Event: 427.029 GC heap after
{Heap after GC invocations=22 (full 1):
 garbage-first heap   total 81920K, used 31684K [0x0000000744e00000, 0x0000000800000000)
  region size 2048K, 3 young (6144K), 3 survivors (6144K)
 Metaspace       used 60750K, committed 61248K, reserved 1114112K
  class space    used 8610K, committed 8832K, reserved 1048576K
}
Event: 427.574 GC heap before
{Heap before GC invocations=22 (full 1):
 garbage-first heap   total 81920K, used 33732K [0x0000000744e00000, 0x0000000800000000)
  region size 2048K, 5 young (10240K), 3 survivors (6144K)
 Metaspace       used 60755K, committed 61248K, reserved 1114112K
  class space    used 8612K, committed 8832K, reserved 1048576K
}

