# JRE version: OpenJDK Runtime Environment Microsoft-11933218 (21.0.8+9) (build 21.0.8+9-LTS)
# Java VM: OpenJDK 64-Bit Server VM Microsoft-11933218 (21.0.8+9-LTS, mixed mode, sharing, tiered, compressed oops, compressed class ptrs, g1 gc, windows-amd64)
GC Precious Log:
 CardTable entry size: 512
 Card Set container configuration: InlinePtr #cards 4 size 8 Array Of Cards #cards 16 size 48 Howl #buckets 8 coarsen threshold 3686 Howl Bitmap #cards 512 size 80 coarsen threshold 460 Card regions per heap region 1 cards per card region 4096
 CPUs: 12 total, 12 available
 Memory: 11973M
 Large Page Support: Disabled
 NUMA Support: Disabled
 Compressed Oops: Enabled (Zero based)
 Heap Region Size: 2M
 Heap Min Capacity: 8M
 Heap Initial Capacity: 188M
 Heap Max Capacity: 2994M
 Pre-touch: Disabled
 Parallel Workers: 10
 Concurrent Workers: 3
 Concurrent Refinement Workers: 10
 Periodic GC: Disabled
Heap:
 garbage-first heap   total 110592K, used 72414K [0x0000000744e00000, 0x0000000800000000)
  region size 2048K, 18 young (36864K), 3 survivors (6144K)
 Metaspace       used 37115K, committed 37632K, reserved 1114112K
  class space    used 4171K, committed 4416K, reserved 1048576K
GC Heap History (20 events):
Event: 3.205 GC heap before
{Heap before GC invocations=3 (full 0):
 garbage-first heap   total 192512K, used 46378K [0x0000000744e00000, 0x0000000800000000)
  region size 2048K, 22 young (45056K), 5 survivors (10240K)
 Metaspace       used 21200K, committed 21504K, reserved 1114112K
  class space    used 2485K, committed 2624K, reserved 1048576K
}
Event: 3.214 GC heap after
{Heap after GC invocations=4 (full 0):
 garbage-first heap   total 192512K, used 16542K [0x0000000744e00000, 0x0000000800000000)
  region size 2048K, 2 young (4096K), 2 survivors (4096K)
 Metaspace       used 21200K, committed 21504K, reserved 1114112K
  class space    used 2485K, committed 2624K, reserved 1048576K
}
Event: 4.035 GC heap before
{Heap before GC invocations=5 (full 0):
 garbage-first heap   total 61440K, used 59550K [0x0000000744e00000, 0x0000000800000000)
  region size 2048K, 23 young (47104K), 2 survivors (4096K)
 Metaspace       used 26464K, committed 26816K, reserved 1114112K
  class space    used 3042K, committed 3200K, reserved 1048576K
}
Event: 4.046 GC heap after
{Heap after GC invocations=6 (full 0):
 garbage-first heap   total 79872K, used 31850K [0x0000000744e00000, 0x0000000800000000)
  region size 2048K, 7 young (14336K), 7 survivors (14336K)
 Metaspace       used 26464K, committed 26816K, reserved 1114112K
  class space    used 3042K, committed 3200K, reserved 1048576K
}
Event: 4.421 GC heap before
{Heap before GC invocations=6 (full 0):
 garbage-first heap   total 79872K, used 58474K [0x0000000744e00000, 0x0000000800000000)
  region size 2048K, 20 young (40960K), 7 survivors (14336K)
 Metaspace       used 27055K, committed 27392K, reserved 1114112K
  class space    used 3089K, committed 3264K, reserved 1048576K
}
Event: 4.454 GC heap after
{Heap after GC invocations=7 (full 0):
 garbage-first heap   total 81920K, used 36754K [0x0000000744e00000, 0x0000000800000000)
  region size 2048K, 3 young (6144K), 3 survivors (6144K)
 Metaspace       used 27055K, committed 27392K, reserved 1114112K
  class space    used 3089K, committed 3264K, reserved 1048576K
}
Event: 5.658 GC heap before
{Heap before GC invocations=7 (full 0):
 garbage-first heap   total 81920K, used 63378K [0x0000000744e00000, 0x0000000800000000)
  region size 2048K, 17 young (34816K), 3 survivors (6144K)
 Metaspace       used 28881K, committed 29248K, reserved 1114112K
  class space    used 3287K, committed 3456K, reserved 1048576K
}
Event: 5.667 GC heap after
{Heap after GC invocations=8 (full 0):
 garbage-first heap   total 81920K, used 37332K [0x0000000744e00000, 0x0000000800000000)
  region size 2048K, 1 young (2048K), 1 survivors (2048K)
 Metaspace       used 28881K, committed 29248K, reserved 1114112K
  class space    used 3287K, committed 3456K, reserved 1048576K
}
Event: 6.293 GC heap before
{Heap before GC invocations=8 (full 0):
 garbage-first heap   total 81920K, used 66004K [0x0000000744e00000, 0x0000000800000000)
  region size 2048K, 15 young (30720K), 1 survivors (2048K)
 Metaspace       used 29866K, committed 30272K, reserved 1114112K
  class space    used 3401K, committed 3584K, reserved 1048576K
}
Event: 6.300 GC heap after
{Heap after GC invocations=9 (full 0):
 garbage-first heap   total 81920K, used 38067K [0x0000000744e00000, 0x0000000800000000)
  region size 2048K, 2 young (4096K), 2 survivors (4096K)
 Metaspace       used 29866K, committed 30272K, reserved 1114112K
  class space    used 3401K, committed 3584K, reserved 1048576K
}
Event: 6.545 GC heap before
{Heap before GC invocations=9 (full 0):
 garbage-first heap   total 81920K, used 66739K [0x0000000744e00000, 0x0000000800000000)
  region size 2048K, 16 young (32768K), 2 survivors (4096K)
 Metaspace       used 30118K, committed 30528K, reserved 1114112K
  class space    used 3413K, committed 3584K, reserved 1048576K
}
Event: 6.556 GC heap after
{Heap after GC invocations=10 (full 0):
 garbage-first heap   total 81920K, used 39454K [0x0000000744e00000, 0x0000000800000000)
  region size 2048K, 2 young (4096K), 2 survivors (4096K)
 Metaspace       used 30118K, committed 30528K, reserved 1114112K
  class space    used 3413K, committed 3584K, reserved 1048576K
}
Event: 6.789 GC heap before
{Heap before GC invocations=10 (full 0):
 garbage-first heap   total 81920K, used 68126K [0x0000000744e00000, 0x0000000800000000)
  region size 2048K, 16 young (32768K), 2 survivors (4096K)
 Metaspace       used 30256K, committed 30720K, reserved 1114112K
  class space    used 3414K, committed 3648K, reserved 1048576K
}
Event: 6.797 GC heap after
{Heap after GC invocations=11 (full 0):
 garbage-first heap   total 110592K, used 39787K [0x0000000744e00000, 0x0000000800000000)
  region size 2048K, 1 young (2048K), 1 survivors (2048K)
 Metaspace       used 30256K, committed 30720K, reserved 1114112K
  class space    used 3414K, committed 3648K, reserved 1048576K
}
Event: 8.128 GC heap before
{Heap before GC invocations=12 (full 0):
 garbage-first heap   total 110592K, used 95083K [0x0000000744e00000, 0x0000000800000000)
  region size 2048K, 28 young (57344K), 1 survivors (2048K)
 Metaspace       used 32309K, committed 32832K, reserved 1114112K
  class space    used 3640K, committed 3904K, reserved 1048576K
}
Event: 8.140 GC heap after
{Heap after GC invocations=13 (full 0):
 garbage-first heap   total 110592K, used 42475K [0x0000000744e00000, 0x0000000800000000)
  region size 2048K, 3 young (6144K), 3 survivors (6144K)
 Metaspace       used 32309K, committed 32832K, reserved 1114112K
  class space    used 3640K, committed 3904K, reserved 1048576K
}
Event: 8.952 GC heap before
{Heap before GC invocations=13 (full 0):
 garbage-first heap   total 110592K, used 91627K [0x0000000744e00000, 0x0000000800000000)
  region size 2048K, 28 young (57344K), 3 survivors (6144K)
 Metaspace       used 33601K, committed 34112K, reserved 1114112K
  class space    used 3724K, committed 3968K, reserved 1048576K
}
Event: 8.968 GC heap after
{Heap after GC invocations=14 (full 0):
 garbage-first heap   total 110592K, used 43485K [0x0000000744e00000, 0x0000000800000000)
  region size 2048K, 3 young (6144K), 3 survivors (6144K)
 Metaspace       used 33601K, committed 34112K, reserved 1114112K
  class space    used 3724K, committed 3968K, reserved 1048576K
}
Event: 10.170 GC heap before
{Heap before GC invocations=14 (full 0):
 garbage-first heap   total 110592K, used 92637K [0x0000000744e00000, 0x0000000800000000)
  region size 2048K, 28 young (57344K), 3 survivors (6144K)
 Metaspace       used 35580K, committed 36096K, reserved 1114112K
  class space    used 3984K, committed 4224K, reserved 1048576K
}
Event: 10.192 GC heap after
{Heap after GC invocations=15 (full 0):
 garbage-first heap   total 110592K, used 45790K [0x0000000744e00000, 0x0000000800000000)
  region size 2048K, 3 young (6144K), 3 survivors (6144K)
 Metaspace       used 35580K, committed 36096K, reserved 1114112K
  class space    used 3984K, committed 4224K, reserved 1048576K
}

