# JRE version: OpenJDK Runtime Environment Microsoft-11933218 (21.0.8+9) (build 21.0.8+9-LTS)
# Java VM: OpenJDK 64-Bit Server VM Microsoft-11933218 (21.0.8+9-LTS, mixed mode, sharing, tiered, compressed oops, compressed class ptrs, g1 gc, windows-amd64)
GC Precious Log:
 CardTable entry size: 512
 Card Set container configuration: InlinePtr #cards 4 size 8 Array Of Cards #cards 16 size 48 Howl #buckets 8 coarsen threshold 3686 Howl Bitmap #cards 512 size 80 coarsen threshold 460 Card regions per heap region 1 cards per card region 4096
 CPUs: 12 total, 12 available
 Memory: 11973M
 Large Page Support: Disabled
 NUMA Support: Disabled
 Compressed Oops: Enabled (Zero based)
 Heap Region Size: 2M
 Heap Min Capacity: 8M
 Heap Initial Capacity: 188M
 Heap Max Capacity: 2994M
 Pre-touch: Disabled
 Parallel Workers: 10
 Concurrent Workers: 3
 Concurrent Refinement Workers: 10
 Periodic GC: Disabled
Heap:
 garbage-first heap   total 71680K, used 29336K [0x0000000744e00000, 0x0000000800000000)
  region size 2048K, 3 young (6144K), 3 survivors (6144K)
 Metaspace       used 72054K, committed 72640K, reserved 1114112K
  class space    used 9458K, committed 9728K, reserved 1048576K
GC Heap History (20 events):
Event: 4.553 GC heap after
{Heap after GC invocations=15 (full 0):
 garbage-first heap   total 59392K, used 25942K [0x0000000744e00000, 0x0000000800000000)
  region size 2048K, 2 young (4096K), 2 survivors (4096K)
 Metaspace       used 59322K, committed 59840K, reserved 1114112K
  class space    used 7895K, committed 8128K, reserved 1048576K
}
Event: 4.626 GC heap before
{Heap before GC invocations=15 (full 0):
 garbage-first heap   total 59392K, used 48470K [0x0000000744e00000, 0x0000000800000000)
  region size 2048K, 13 young (26624K), 2 survivors (4096K)
 Metaspace       used 59515K, committed 59968K, reserved 1114112K
  class space    used 7903K, committed 8128K, reserved 1048576K
}
Event: 4.629 GC heap after
{Heap after GC invocations=16 (full 0):
 garbage-first heap   total 59392K, used 26589K [0x0000000744e00000, 0x0000000800000000)
  region size 2048K, 1 young (2048K), 1 survivors (2048K)
 Metaspace       used 59515K, committed 59968K, reserved 1114112K
  class space    used 7903K, committed 8128K, reserved 1048576K
}
Event: 4.722 GC heap before
{Heap before GC invocations=16 (full 0):
 garbage-first heap   total 59392K, used 36829K [0x0000000744e00000, 0x0000000800000000)
  region size 2048K, 7 young (14336K), 1 survivors (2048K)
 Metaspace       used 60003K, committed 60480K, reserved 1114112K
  class space    used 7974K, committed 8192K, reserved 1048576K
}
Event: 4.724 GC heap after
{Heap after GC invocations=17 (full 0):
 garbage-first heap   total 59392K, used 27135K [0x0000000744e00000, 0x0000000800000000)
  region size 2048K, 2 young (4096K), 2 survivors (4096K)
 Metaspace       used 60003K, committed 60480K, reserved 1114112K
  class space    used 7974K, committed 8192K, reserved 1048576K
}
Event: 5.184 GC heap before
{Heap before GC invocations=18 (full 0):
 garbage-first heap   total 59392K, used 49663K [0x0000000744e00000, 0x0000000800000000)
  region size 2048K, 13 young (26624K), 2 survivors (4096K)
 Metaspace       used 62924K, committed 63424K, reserved 1114112K
  class space    used 8422K, committed 8640K, reserved 1048576K
}
Event: 5.189 GC heap after
{Heap after GC invocations=19 (full 0):
 garbage-first heap   total 71680K, used 29669K [0x0000000744e00000, 0x0000000800000000)
  region size 2048K, 2 young (4096K), 2 survivors (4096K)
 Metaspace       used 62924K, committed 63424K, reserved 1114112K
  class space    used 8422K, committed 8640K, reserved 1048576K
}
Event: 89.180 GC heap before
{Heap before GC invocations=19 (full 0):
 garbage-first heap   total 71680K, used 58341K [0x0000000744e00000, 0x0000000800000000)
  region size 2048K, 17 young (34816K), 2 survivors (4096K)
 Metaspace       used 68666K, committed 69248K, reserved 1114112K
  class space    used 9145K, committed 9408K, reserved 1048576K
}
Event: 89.190 GC heap after
{Heap after GC invocations=20 (full 0):
 garbage-first heap   total 71680K, used 31126K [0x0000000744e00000, 0x0000000800000000)
  region size 2048K, 3 young (6144K), 3 survivors (6144K)
 Metaspace       used 68666K, committed 69248K, reserved 1114112K
  class space    used 9145K, committed 9408K, reserved 1048576K
}
Event: 147.467 GC heap before
{Heap before GC invocations=20 (full 0):
 garbage-first heap   total 71680K, used 39318K [0x0000000744e00000, 0x0000000800000000)
  region size 2048K, 8 young (16384K), 3 survivors (6144K)
 Metaspace       used 69939K, committed 70464K, reserved 1114112K
  class space    used 9295K, committed 9536K, reserved 1048576K
}
Event: 147.520 GC heap after
{Heap after GC invocations=21 (full 1):
 garbage-first heap   total 71680K, used 24893K [0x0000000744e00000, 0x0000000800000000)
  region size 2048K, 0 young (0K), 0 survivors (0K)
 Metaspace       used 69939K, committed 70464K, reserved 1114112K
  class space    used 9295K, committed 9536K, reserved 1048576K
}
Event: 157.036 GC heap before
{Heap before GC invocations=21 (full 1):
 garbage-first heap   total 71680K, used 59709K [0x0000000744e00000, 0x0000000800000000)
  region size 2048K, 18 young (36864K), 0 survivors (0K)
 Metaspace       used 70458K, committed 71040K, reserved 1114112K
  class space    used 9335K, committed 9600K, reserved 1048576K
}
Event: 157.040 GC heap after
{Heap after GC invocations=22 (full 1):
 garbage-first heap   total 71680K, used 26941K [0x0000000744e00000, 0x0000000800000000)
  region size 2048K, 1 young (2048K), 1 survivors (2048K)
 Metaspace       used 70458K, committed 71040K, reserved 1114112K
  class space    used 9335K, committed 9600K, reserved 1048576K
}
Event: 157.994 GC heap before
{Heap before GC invocations=23 (full 1):
 garbage-first heap   total 71680K, used 61757K [0x0000000744e00000, 0x0000000800000000)
  region size 2048K, 18 young (36864K), 1 survivors (2048K)
 Metaspace       used 70745K, committed 71296K, reserved 1114112K
  class space    used 9339K, committed 9600K, reserved 1048576K
}
Event: 157.998 GC heap after
{Heap after GC invocations=24 (full 1):
 garbage-first heap   total 71680K, used 28697K [0x0000000744e00000, 0x0000000800000000)
  region size 2048K, 2 young (4096K), 2 survivors (4096K)
 Metaspace       used 70745K, committed 71296K, reserved 1114112K
  class space    used 9339K, committed 9600K, reserved 1048576K
}
Event: 161.637 GC heap before
{Heap before GC invocations=24 (full 1):
 garbage-first heap   total 71680K, used 40985K [0x0000000744e00000, 0x0000000800000000)
  region size 2048K, 9 young (18432K), 2 survivors (4096K)
 Metaspace       used 71320K, committed 71936K, reserved 1114112K
  class space    used 9413K, committed 9664K, reserved 1048576K
}
Event: 161.711 GC heap after
{Heap after GC invocations=25 (full 2):
 garbage-first heap   total 71680K, used 24403K [0x0000000744e00000, 0x0000000800000000)
  region size 2048K, 0 young (0K), 0 survivors (0K)
 Metaspace       used 71315K, committed 71936K, reserved 1114112K
  class space    used 9412K, committed 9664K, reserved 1048576K
}
Event: 162.659 GC heap before
{Heap before GC invocations=25 (full 2):
 garbage-first heap   total 71680K, used 61267K [0x0000000744e00000, 0x0000000800000000)
  region size 2048K, 18 young (36864K), 0 survivors (0K)
 Metaspace       used 71668K, committed 72192K, reserved 1114112K
  class space    used 9442K, committed 9664K, reserved 1048576K
}
Event: 162.663 GC heap after
{Heap after GC invocations=26 (full 2):
 garbage-first heap   total 71680K, used 27649K [0x0000000744e00000, 0x0000000800000000)
  region size 2048K, 2 young (4096K), 2 survivors (4096K)
 Metaspace       used 71668K, committed 72192K, reserved 1114112K
  class space    used 9442K, committed 9664K, reserved 1048576K
}
Event: 163.340 GC heap before
{Heap before GC invocations=27 (full 2):
 garbage-first heap   total 71680K, used 58369K [0x0000000744e00000, 0x0000000800000000)
  region size 2048K, 17 young (34816K), 2 survivors (4096K)
 Metaspace       used 72054K, committed 72640K, reserved 1114112K
  class space    used 9458K, committed 9728K, reserved 1048576K
}

