# JRE version: OpenJDK Runtime Environment Microsoft-11933218 (21.0.8+9) (build 21.0.8+9-LTS)
# Java VM: OpenJDK 64-Bit Server VM Microsoft-11933218 (21.0.8+9-LTS, mixed mode, sharing, tiered, compressed oops, compressed class ptrs, g1 gc, windows-amd64)
GC Precious Log:
 CardTable entry size: 512
 Card Set container configuration: InlinePtr #cards 4 size 8 Array Of Cards #cards 16 size 48 Howl #buckets 8 coarsen threshold 3686 Howl Bitmap #cards 512 size 80 coarsen threshold 460 Card regions per heap region 1 cards per card region 4096
 CPUs: 12 total, 12 available
 Memory: 11973M
 Large Page Support: Disabled
 NUMA Support: Disabled
 Compressed Oops: Enabled (Zero based)
 Heap Region Size: 2M
 Heap Min Capacity: 8M
 Heap Initial Capacity: 188M
 Heap Max Capacity: 2994M
 Pre-touch: Disabled
 Parallel Workers: 10
 Concurrent Workers: 3
 Concurrent Refinement Workers: 10
 Periodic GC: Disabled
Heap:
 garbage-first heap   total 116736K, used 78673K [0x0000000744e00000, 0x0000000800000000)
  region size 2048K, 20 young (40960K), 2 survivors (4096K)
 Metaspace       used 31562K, committed 32128K, reserved 1114112K
  class space    used 3529K, committed 3776K, reserved 1048576K
GC Heap History (20 events):
Event: 1.352 GC heap before
{Heap before GC invocations=1 (full 0):
 garbage-first heap   total 192512K, used 36600K [0x0000000744e00000, 0x0000000800000000)
  region size 2048K, 18 young (36864K), 2 survivors (4096K)
 Metaspace       used 9720K, committed 9920K, reserved 1114112K
  class space    used 1165K, committed 1280K, reserved 1048576K
}
Event: 1.363 GC heap after
{Heap after GC invocations=2 (full 0):
 garbage-first heap   total 192512K, used 5286K [0x0000000744e00000, 0x0000000800000000)
  region size 2048K, 1 young (2048K), 1 survivors (2048K)
 Metaspace       used 9720K, committed 9920K, reserved 1114112K
  class space    used 1165K, committed 1280K, reserved 1048576K
}
Event: 4.521 GC heap before
{Heap before GC invocations=2 (full 0):
 garbage-first heap   total 192512K, used 117926K [0x0000000744e00000, 0x0000000800000000)
  region size 2048K, 56 young (114688K), 1 survivors (2048K)
 Metaspace       used 16828K, committed 17152K, reserved 1114112K
  class space    used 1933K, committed 2048K, reserved 1048576K
}
Event: 4.537 GC heap after
{Heap after GC invocations=3 (full 0):
 garbage-first heap   total 192512K, used 14221K [0x0000000744e00000, 0x0000000800000000)
  region size 2048K, 6 young (12288K), 6 survivors (12288K)
 Metaspace       used 16828K, committed 17152K, reserved 1114112K
  class space    used 1933K, committed 2048K, reserved 1048576K
}
Event: 5.806 GC heap before
{Heap before GC invocations=3 (full 0):
 garbage-first heap   total 192512K, used 77709K [0x0000000744e00000, 0x0000000800000000)
  region size 2048K, 22 young (45056K), 6 survivors (12288K)
 Metaspace       used 21210K, committed 21504K, reserved 1114112K
  class space    used 2474K, committed 2624K, reserved 1048576K
}
Event: 5.821 GC heap after
{Heap after GC invocations=4 (full 0):
 garbage-first heap   total 192512K, used 17334K [0x0000000744e00000, 0x0000000800000000)
  region size 2048K, 2 young (4096K), 2 survivors (4096K)
 Metaspace       used 21210K, committed 21504K, reserved 1114112K
  class space    used 2474K, committed 2624K, reserved 1048576K
}
Event: 6.990 GC heap before
{Heap before GC invocations=5 (full 0):
 garbage-first heap   total 61440K, used 60342K [0x0000000744e00000, 0x0000000800000000)
  region size 2048K, 23 young (47104K), 2 survivors (4096K)
 Metaspace       used 26561K, committed 26880K, reserved 1114112K
  class space    used 3044K, committed 3200K, reserved 1048576K
}
Event: 7.006 GC heap after
{Heap after GC invocations=6 (full 0):
 garbage-first heap   total 79872K, used 32311K [0x0000000744e00000, 0x0000000800000000)
  region size 2048K, 7 young (14336K), 7 survivors (14336K)
 Metaspace       used 26561K, committed 26880K, reserved 1114112K
  class space    used 3044K, committed 3200K, reserved 1048576K
}
Event: 7.478 GC heap before
{Heap before GC invocations=6 (full 0):
 garbage-first heap   total 79872K, used 58935K [0x0000000744e00000, 0x0000000800000000)
  region size 2048K, 20 young (40960K), 7 survivors (14336K)
 Metaspace       used 27089K, committed 27456K, reserved 1114112K
  class space    used 3085K, committed 3264K, reserved 1048576K
}
Event: 7.508 GC heap after
{Heap after GC invocations=7 (full 0):
 garbage-first heap   total 79872K, used 36628K [0x0000000744e00000, 0x0000000800000000)
  region size 2048K, 2 young (4096K), 2 survivors (4096K)
 Metaspace       used 27089K, committed 27456K, reserved 1114112K
  class space    used 3085K, committed 3264K, reserved 1048576K
}
Event: 8.445 GC heap before
{Heap before GC invocations=7 (full 0):
 garbage-first heap   total 79872K, used 65300K [0x0000000744e00000, 0x0000000800000000)
  region size 2048K, 16 young (32768K), 2 survivors (4096K)
 Metaspace       used 28385K, committed 28800K, reserved 1114112K
  class space    used 3219K, committed 3392K, reserved 1048576K
}
Event: 8.456 GC heap after
{Heap after GC invocations=8 (full 0):
 garbage-first heap   total 96256K, used 40501K [0x0000000744e00000, 0x0000000800000000)
  region size 2048K, 2 young (4096K), 2 survivors (4096K)
 Metaspace       used 28385K, committed 28800K, reserved 1114112K
  class space    used 3219K, committed 3392K, reserved 1048576K
}
Event: 9.026 GC heap before
{Heap before GC invocations=8 (full 0):
 garbage-first heap   total 96256K, used 73269K [0x0000000744e00000, 0x0000000800000000)
  region size 2048K, 19 young (38912K), 2 survivors (4096K)
 Metaspace       used 29893K, committed 30336K, reserved 1114112K
  class space    used 3396K, committed 3584K, reserved 1048576K
}
Event: 9.034 GC heap after
{Heap after GC invocations=9 (full 0):
 garbage-first heap   total 96256K, used 40996K [0x0000000744e00000, 0x0000000800000000)
  region size 2048K, 1 young (2048K), 1 survivors (2048K)
 Metaspace       used 29893K, committed 30336K, reserved 1114112K
  class space    used 3396K, committed 3584K, reserved 1048576K
}
Event: 9.329 GC heap before
{Heap before GC invocations=9 (full 0):
 garbage-first heap   total 96256K, used 77860K [0x0000000744e00000, 0x0000000800000000)
  region size 2048K, 19 young (38912K), 1 survivors (2048K)
 Metaspace       used 30224K, committed 30720K, reserved 1114112K
  class space    used 3411K, committed 3648K, reserved 1048576K
}
Event: 9.338 GC heap after
{Heap after GC invocations=10 (full 0):
 garbage-first heap   total 96256K, used 43055K [0x0000000744e00000, 0x0000000800000000)
  region size 2048K, 2 young (4096K), 2 survivors (4096K)
 Metaspace       used 30224K, committed 30720K, reserved 1114112K
  class space    used 3411K, committed 3648K, reserved 1048576K
}
Event: 9.526 GC heap before
{Heap before GC invocations=10 (full 0):
 garbage-first heap   total 96256K, used 79919K [0x0000000744e00000, 0x0000000800000000)
  region size 2048K, 20 young (40960K), 2 survivors (4096K)
 Metaspace       used 30342K, committed 30912K, reserved 1114112K
  class space    used 3416K, committed 3648K, reserved 1048576K
}
Event: 9.534 GC heap after
{Heap after GC invocations=11 (full 0):
 garbage-first heap   total 96256K, used 44024K [0x0000000744e00000, 0x0000000800000000)
  region size 2048K, 2 young (4096K), 2 survivors (4096K)
 Metaspace       used 30342K, committed 30912K, reserved 1114112K
  class space    used 3416K, committed 3648K, reserved 1048576K
}
Event: 9.751 GC heap before
{Heap before GC invocations=11 (full 0):
 garbage-first heap   total 96256K, used 82936K [0x0000000744e00000, 0x0000000800000000)
  region size 2048K, 21 young (43008K), 2 survivors (4096K)
 Metaspace       used 30445K, committed 30976K, reserved 1114112K
  class space    used 3417K, committed 3648K, reserved 1048576K
}
Event: 9.760 GC heap after
{Heap after GC invocations=12 (full 0):
 garbage-first heap   total 116736K, used 43857K [0x0000000744e00000, 0x0000000800000000)
  region size 2048K, 2 young (4096K), 2 survivors (4096K)
 Metaspace       used 30445K, committed 30976K, reserved 1114112K
  class space    used 3417K, committed 3648K, reserved 1048576K
}

